This file contains any messages produced by compilers while
running configure, to aid debugging if configure makes a mistake.

It was created by ouzo_queries configure 1.0, which was
generated by GNU Autoconf 2.65.  Invocation command line was

  $ ./configure 

## --------- ##
## Platform. ##
## --------- ##

hostname = z68
uname -m = x86_64
uname -r = 2.6.32-28-generic
uname -s = Linux
uname -v = #55-Ubuntu SMP Mon Jan 10 23:42:43 UTC 2011

/usr/bin/uname -p = unknown
/bin/uname -X     = unknown

/bin/arch              = unknown
/usr/bin/arch -k       = unknown
/usr/convex/getsysinfo = unknown
/usr/bin/hostinfo      = unknown
/bin/machine           = unknown
/usr/bin/oslevel       = unknown
/bin/universe          = unknown

PATH: /usr/sbin
PATH: /usr/bin
PATH: /sbin
PATH: /bin
PATH: /usr/games


## ----------- ##
## Core tests. ##
## ----------- ##

configure:1886: checking build system type
configure:1900: result: x86_64-unknown-linux-gnu
configure:1920: checking host system type
configure:1933: result: x86_64-unknown-linux-gnu
configure:1953: checking target system type
configure:1966: result: x86_64-unknown-linux-gnu
configure:2009: checking for a BSD-compatible install
configure:2077: result: /usr/bin/install -c
configure:2088: checking whether build environment is sane
configure:2138: result: yes
configure:2279: checking for a thread-safe mkdir -p
configure:2318: result: /bin/mkdir -p
configure:2331: checking for gawk
configure:2347: found /usr/bin/gawk
configure:2358: result: gawk
configure:2369: checking whether make sets $(MAKE)
configure:2391: result: yes
configure:2520: checking for gcc
configure:2536: found /usr/bin/gcc
configure:2547: result: gcc
configure:2776: checking for C compiler version
configure:2785: gcc --version >&5
gcc (Ubuntu 4.4.3-4ubuntu5) 4.4.3
Copyright (C) 2009 Free Software Foundation, Inc.
This is free software; see the source for copying conditions.  There is NO
warranty; not even for MERCHANTABILITY or FITNESS FOR A PARTICULAR PURPOSE.

configure:2796: $? = 0
configure:2785: gcc -v >&5
Using built-in specs.
Target: x86_64-linux-gnu
Configured with: ../src/configure -v --with-pkgversion='Ubuntu 4.4.3-4ubuntu5' --with-bugurl=file:///usr/share/doc/gcc-4.4/README.Bugs --enable-languages=c,c++,fortran,objc,obj-c++ --prefix=/usr --enable-shared --enable-multiarch --enable-linker-build-id --with-system-zlib --libexecdir=/usr/lib --without-included-gettext --enable-threads=posix --with-gxx-include-dir=/usr/include/c++/4.4 --program-suffix=-4.4 --enable-nls --enable-clocale=gnu --enable-libstdcxx-debug --enable-plugin --enable-objc-gc --disable-werror --with-arch-32=i486 --with-tune=generic --enable-checking=release --build=x86_64-linux-gnu --host=x86_64-linux-gnu --target=x86_64-linux-gnu
Thread model: posix
gcc version 4.4.3 (Ubuntu 4.4.3-4ubuntu5) 
configure:2796: $? = 0
configure:2785: gcc -V >&5
gcc: '-V' option must have argument
configure:2796: $? = 1
configure:2785: gcc -qversion >&5
gcc: unrecognized option '-qversion'
gcc: no input files
configure:2796: $? = 1
configure:2816: checking whether the C compiler works
configure:2838: gcc    conftest.c  >&5
configure:2842: $? = 0
configure:2891: result: yes
configure:2894: checking for C compiler default output file name
configure:2896: result: a.out
configure:2902: checking for suffix of executables
configure:2909: gcc -o conftest    conftest.c  >&5
configure:2913: $? = 0
configure:2935: result: 
configure:2957: checking whether we are cross compiling
configure:2965: gcc -o conftest    conftest.c  >&5
configure:2969: $? = 0
configure:2976: ./conftest
configure:2980: $? = 0
configure:2995: result: no
configure:3000: checking for suffix of object files
configure:3022: gcc -c   conftest.c >&5
configure:3026: $? = 0
configure:3047: result: o
configure:3051: checking whether we are using the GNU C compiler
configure:3070: gcc -c   conftest.c >&5
configure:3070: $? = 0
configure:3079: result: yes
configure:3088: checking whether gcc accepts -g
configure:3108: gcc -c -g  conftest.c >&5
configure:3108: $? = 0
configure:3149: result: yes
configure:3166: checking for gcc option to accept ISO C89
configure:3230: gcc  -c -g -O2  conftest.c >&5
configure:3230: $? = 0
configure:3243: result: none needed
configure:3274: checking for style of include used by make
configure:3302: result: GNU
configure:3327: checking dependency style of gcc
configure:3437: result: gcc3
configure:3510: checking for g++
configure:3526: found /usr/bin/g++
configure:3537: result: g++
configure:3564: checking for C++ compiler version
configure:3573: g++ --version >&5
g++ (Ubuntu 4.4.3-4ubuntu5) 4.4.3
Copyright (C) 2009 Free Software Foundation, Inc.
This is free software; see the source for copying conditions.  There is NO
warranty; not even for MERCHANTABILITY or FITNESS FOR A PARTICULAR PURPOSE.

configure:3584: $? = 0
configure:3573: g++ -v >&5
Using built-in specs.
Target: x86_64-linux-gnu
Configured with: ../src/configure -v --with-pkgversion='Ubuntu 4.4.3-4ubuntu5' --with-bugurl=file:///usr/share/doc/gcc-4.4/README.Bugs --enable-languages=c,c++,fortran,objc,obj-c++ --prefix=/usr --enable-shared --enable-multiarch --enable-linker-build-id --with-system-zlib --libexecdir=/usr/lib --without-included-gettext --enable-threads=posix --with-gxx-include-dir=/usr/include/c++/4.4 --program-suffix=-4.4 --enable-nls --enable-clocale=gnu --enable-libstdcxx-debug --enable-plugin --enable-objc-gc --disable-werror --with-arch-32=i486 --with-tune=generic --enable-checking=release --build=x86_64-linux-gnu --host=x86_64-linux-gnu --target=x86_64-linux-gnu
Thread model: posix
gcc version 4.4.3 (Ubuntu 4.4.3-4ubuntu5) 
configure:3584: $? = 0
configure:3573: g++ -V >&5
g++: '-V' option must have argument
configure:3584: $? = 1
configure:3573: g++ -qversion >&5
g++: unrecognized option '-qversion'
g++: no input files
configure:3584: $? = 1
configure:3588: checking whether we are using the GNU C++ compiler
configure:3607: g++ -c   conftest.cpp >&5
configure:3607: $? = 0
configure:3616: result: yes
configure:3625: checking whether g++ accepts -g
configure:3645: g++ -c -g  conftest.cpp >&5
configure:3645: $? = 0
configure:3686: result: yes
configure:3711: checking dependency style of g++
configure:3821: result: gcc3
configure:3838: checking for main in -lpthread
configure:3857: gcc -o conftest -g -O2   conftest.c -lpthread   >&5
configure:3857: $? = 0
configure:3866: result: yes
configure:3877: checking for main in -ldl
configure:3896: gcc -o conftest -g -O2   conftest.c -ldl  -lpthread  >&5
configure:3896: $? = 0
configure:3905: result: yes
configure:4077: creating ./config.status

## ---------------------- ##
## Running config.status. ##
## ---------------------- ##

This file was extended by ouzo_queries config.status 1.0, which was
generated by GNU Autoconf 2.65.  Invocation command line was

  CONFIG_FILES    = 
  CONFIG_HEADERS  = 
  CONFIG_LINKS    = 
  CONFIG_COMMANDS = 
  $ ./config.status 

on z68

config.status:789: creating Makefile
config.status:789: creating src/Makefile
config.status:952: executing depfiles commands

## ---------------- ##
## Cache variables. ##
## ---------------- ##

ac_cv_build=x86_64-unknown-linux-gnu
ac_cv_c_compiler_gnu=yes
ac_cv_cxx_compiler_gnu=yes
ac_cv_env_CCC_set=
ac_cv_env_CCC_value=
ac_cv_env_CC_set=
ac_cv_env_CC_value=
ac_cv_env_CFLAGS_set=
ac_cv_env_CFLAGS_value=
ac_cv_env_CPPFLAGS_set=
ac_cv_env_CPPFLAGS_value=
ac_cv_env_CXXFLAGS_set=
ac_cv_env_CXXFLAGS_value=
ac_cv_env_CXX_set=
ac_cv_env_CXX_value=
ac_cv_env_LDFLAGS_set=
ac_cv_env_LDFLAGS_value=
ac_cv_env_LIBS_set=
ac_cv_env_LIBS_value=
ac_cv_env_build_alias_set=
ac_cv_env_build_alias_value=
ac_cv_env_host_alias_set=
ac_cv_env_host_alias_value=
ac_cv_env_target_alias_set=
ac_cv_env_target_alias_value=
ac_cv_host=x86_64-unknown-linux-gnu
ac_cv_lib_dl_main=yes
ac_cv_lib_pthread_main=yes
ac_cv_objext=o
ac_cv_path_install='/usr/bin/install -c'
ac_cv_path_mkdir=/bin/mkdir
ac_cv_prog_AWK=gawk
ac_cv_prog_ac_ct_CC=gcc
ac_cv_prog_ac_ct_CXX=g++
ac_cv_prog_cc_c89=
ac_cv_prog_cc_g=yes
ac_cv_prog_cxx_g=yes
ac_cv_prog_make_make_set=yes
ac_cv_target=x86_64-unknown-linux-gnu
am_cv_CC_dependencies_compiler_type=gcc3
am_cv_CXX_dependencies_compiler_type=gcc3

## ----------------- ##
## Output variables. ##
## ----------------- ##

ACLOCAL='${SHELL} /home/kit/workspace/ouzo_queries/missing --run aclocal-1.11'
AMDEPBACKSLASH='\'
AMDEP_FALSE='#'
AMDEP_TRUE=''
AMTAR='${SHELL} /home/kit/workspace/ouzo_queries/missing --run tar'
AUTOCONF='${SHELL} /home/kit/workspace/ouzo_queries/missing --run autoconf'
AUTOHEADER='${SHELL} /home/kit/workspace/ouzo_queries/missing --run autoheader'
AUTOMAKE='${SHELL} /home/kit/workspace/ouzo_queries/missing --run automake-1.11'
AWK='gawk'
CC='gcc'
CCDEPMODE='depmode=gcc3'
CFLAGS='-g -O2'
CPPFLAGS=''
CXX='g++'
CXXDEPMODE='depmode=gcc3'
CXXFLAGS='-g -O2'
CYGPATH_W='echo'
DEFS='-DPACKAGE_NAME=\"ouzo_queries\" -DPACKAGE_TARNAME=\"ouzo_queries\" -DPACKAGE_VERSION=\"1.0\" -DPACKAGE_STRING=\"ouzo_queries\ 1.0\" -DPACKAGE_BUGREPORT=\"\" -DPACKAGE_URL=\"\" -DPACKAGE=\"ouzo_queries\" -DVERSION=\"1.0\" -DHAVE_LIBPTHREAD=1 -DHAVE_LIBDL=1'
DEPDIR='.deps'
ECHO_C=''
ECHO_N='-n'
ECHO_T=''
EXEEXT=''
INSTALL_DATA='${INSTALL} -m 644'
INSTALL_PROGRAM='${INSTALL}'
INSTALL_SCRIPT='${INSTALL}'
INSTALL_STRIP_PROGRAM='$(install_sh) -c -s'
LDFLAGS=''
LIBOBJS=''
LIBS='-ldl -lpthread '
LTLIBOBJS=''
MAKEINFO='${SHELL} /home/kit/workspace/ouzo_queries/missing --run makeinfo'
MKDIR_P='/bin/mkdir -p'
OBJEXT='o'
PACKAGE='ouzo_queries'
PACKAGE_BUGREPORT=''
PACKAGE_NAME='ouzo_queries'
PACKAGE_STRING='ouzo_queries 1.0'
PACKAGE_TARNAME='ouzo_queries'
PACKAGE_URL=''
PACKAGE_VERSION='1.0'
PATH_SEPARATOR=':'
SET_MAKE=''
SHELL='/bin/bash'
STRIP=''
VERSION='1.0'
ac_ct_CC='gcc'
ac_ct_CXX='g++'
am__EXEEXT_FALSE=''
am__EXEEXT_TRUE='#'
am__fastdepCC_FALSE='#'
am__fastdepCC_TRUE=''
am__fastdepCXX_FALSE='#'
am__fastdepCXX_TRUE=''
am__include='include'
am__isrc=''
am__leading_dot='.'
am__quote=''
am__tar='${AMTAR} chof - "$$tardir"'
am__untar='${AMTAR} xf -'
bindir='${exec_prefix}/bin'
build='x86_64-unknown-linux-gnu'
build_alias=''
build_cpu='x86_64'
build_os='linux-gnu'
build_vendor='unknown'
datadir='${datarootdir}'
datarootdir='${prefix}/share'
docdir='${datarootdir}/doc/${PACKAGE_TARNAME}'
dvidir='${docdir}'
exec_prefix='${prefix}'
host='x86_64-unknown-linux-gnu'
host_alias=''
host_cpu='x86_64'
host_os='linux-gnu'
host_vendor='unknown'
htmldir='${docdir}'
includedir='${prefix}/include'
infodir='${datarootdir}/info'
install_sh='${SHELL} /home/kit/workspace/ouzo_queries/install-sh'
libdir='${exec_prefix}/lib'
libexecdir='${exec_prefix}/libexec'
localedir='${datarootdir}/locale'
localstatedir='${prefix}/var'
mandir='${datarootdir}/man'
mkdir_p='/bin/mkdir -p'
oldincludedir='/usr/include'
pdfdir='${docdir}'
prefix='/usr/local'
program_transform_name='s,x,x,'
psdir='${docdir}'
sbindir='${exec_prefix}/sbin'
sharedstatedir='${prefix}/com'
sysconfdir='${prefix}/etc'
target='x86_64-unknown-linux-gnu'
target_alias=''
target_cpu='x86_64'
target_os='linux-gnu'
target_vendor='unknown'

## ----------- ##
## confdefs.h. ##
## ----------- ##

/* confdefs.h */
#define PACKAGE_NAME "ouzo_queries"
#define PACKAGE_TARNAME "ouzo_queries"
#define PACKAGE_VERSION "1.0"
#define PACKAGE_STRING "ouzo_queries 1.0"
#define PACKAGE_BUGREPORT ""
#define PACKAGE_URL ""
#define PACKAGE "ouzo_queries"
#define VERSION "1.0"
#define HAVE_LIBPTHREAD 1
#define HAVE_LIBDL 1

configure: exit 0
